<?xml version="1.0" encoding="UTF-8"?>
<coverage generated="1648321862209" clover="3.2.0">
  <project timestamp="1648321862209" name="All files">
    <metrics statements="160" coveredstatements="160" conditionals="39" coveredconditionals="39" methods="10" coveredmethods="10" elements="209" coveredelements="209" complexity="0" loc="160" ncloc="160" packages="1" files="1" classes="1"/>
    <file name="index.js" path="/Users/ddamato/Documents/use-rove/src/index.js">
      <metrics statements="160" coveredstatements="160" conditionals="39" coveredconditionals="39" methods="10" coveredmethods="10"/>
      <line num="1" count="1" type="stmt"/>
      <line num="2" count="1" type="stmt"/>
      <line num="3" count="1" type="stmt"/>
      <line num="4" count="1" type="stmt"/>
      <line num="5" count="1" type="stmt"/>
      <line num="6" count="1" type="stmt"/>
      <line num="7" count="1" type="stmt"/>
      <line num="8" count="1" type="stmt"/>
      <line num="9" count="1" type="stmt"/>
      <line num="10" count="1" type="stmt"/>
      <line num="11" count="1" type="stmt"/>
      <line num="12" count="1" type="stmt"/>
      <line num="13" count="1" type="stmt"/>
      <line num="14" count="1" type="stmt"/>
      <line num="15" count="1" type="stmt"/>
      <line num="16" count="1" type="stmt"/>
      <line num="17" count="1" type="stmt"/>
      <line num="18" count="1" type="stmt"/>
      <line num="19" count="1" type="cond" truecount="6" falsecount="0"/>
      <line num="20" count="68" type="cond" truecount="3" falsecount="0"/>
      <line num="21" count="68" type="stmt"/>
      <line num="22" count="68" type="stmt"/>
      <line num="23" count="68" type="stmt"/>
      <line num="24" count="68" type="stmt"/>
      <line num="25" count="68" type="stmt"/>
      <line num="26" count="68" type="stmt"/>
      <line num="27" count="68" type="stmt"/>
      <line num="28" count="68" type="cond" truecount="1" falsecount="0"/>
      <line num="29" count="11" type="stmt"/>
      <line num="30" count="11" type="stmt"/>
      <line num="31" count="11" type="stmt"/>
      <line num="32" count="11" type="stmt"/>
      <line num="33" count="11" type="stmt"/>
      <line num="34" count="11" type="stmt"/>
      <line num="35" count="11" type="stmt"/>
      <line num="36" count="11" type="stmt"/>
      <line num="37" count="11" type="stmt"/>
      <line num="38" count="68" type="stmt"/>
      <line num="39" count="68" type="stmt"/>
      <line num="40" count="68" type="stmt"/>
      <line num="41" count="68" type="stmt"/>
      <line num="42" count="68" type="stmt"/>
      <line num="43" count="68" type="stmt"/>
      <line num="44" count="68" type="stmt"/>
      <line num="45" count="68" type="stmt"/>
      <line num="46" count="68" type="stmt"/>
      <line num="47" count="68" type="stmt"/>
      <line num="48" count="68" type="cond" truecount="1" falsecount="0"/>
      <line num="49" count="79" type="cond" truecount="2" falsecount="0"/>
      <line num="50" count="79" type="stmt"/>
      <line num="51" count="68" type="stmt"/>
      <line num="52" count="68" type="stmt"/>
      <line num="53" count="68" type="stmt"/>
      <line num="54" count="68" type="stmt"/>
      <line num="55" count="68" type="stmt"/>
      <line num="56" count="68" type="stmt"/>
      <line num="57" count="68" type="stmt"/>
      <line num="58" count="68" type="stmt"/>
      <line num="59" count="68" type="cond" truecount="1" falsecount="0"/>
      <line num="60" count="23" type="stmt"/>
      <line num="61" count="23" type="stmt"/>
      <line num="62" count="68" type="stmt"/>
      <line num="63" count="68" type="stmt"/>
      <line num="64" count="68" type="stmt"/>
      <line num="65" count="68" type="stmt"/>
      <line num="66" count="68" type="stmt"/>
      <line num="67" count="68" type="stmt"/>
      <line num="68" count="68" type="stmt"/>
      <line num="69" count="68" type="cond" truecount="1" falsecount="0"/>
      <line num="70" count="25" type="cond" truecount="2" falsecount="0"/>
      <line num="71" count="23" type="stmt"/>
      <line num="72" count="25" type="cond" truecount="4" falsecount="0"/>
      <line num="73" count="25" type="cond" truecount="2" falsecount="0"/>
      <line num="74" count="25" type="stmt"/>
      <line num="75" count="68" type="stmt"/>
      <line num="76" count="68" type="stmt"/>
      <line num="77" count="68" type="stmt"/>
      <line num="78" count="68" type="stmt"/>
      <line num="79" count="68" type="stmt"/>
      <line num="80" count="68" type="stmt"/>
      <line num="81" count="68" type="stmt"/>
      <line num="82" count="68" type="stmt"/>
      <line num="83" count="68" type="stmt"/>
      <line num="84" count="68" type="stmt"/>
      <line num="85" count="68" type="stmt"/>
      <line num="86" count="68" type="stmt"/>
      <line num="87" count="68" type="stmt"/>
      <line num="88" count="68" type="stmt"/>
      <line num="89" count="68" type="stmt"/>
      <line num="90" count="68" type="cond" truecount="1" falsecount="0"/>
      <line num="91" count="11" type="stmt"/>
      <line num="92" count="11" type="stmt"/>
      <line num="93" count="11" type="stmt"/>
      <line num="94" count="68" type="stmt"/>
      <line num="95" count="68" type="stmt"/>
      <line num="96" count="68" type="stmt"/>
      <line num="97" count="68" type="stmt"/>
      <line num="98" count="68" type="stmt"/>
      <line num="99" count="68" type="stmt"/>
      <line num="100" count="68" type="stmt"/>
      <line num="101" count="68" type="stmt"/>
      <line num="102" count="68" type="stmt"/>
      <line num="103" count="68" type="stmt"/>
      <line num="104" count="68" type="stmt"/>
      <line num="105" count="68" type="stmt"/>
      <line num="106" count="68" type="stmt"/>
      <line num="107" count="68" type="stmt"/>
      <line num="108" count="68" type="stmt"/>
      <line num="109" count="68" type="stmt"/>
      <line num="110" count="68" type="stmt"/>
      <line num="111" count="68" type="stmt"/>
      <line num="112" count="68" type="stmt"/>
      <line num="113" count="68" type="stmt"/>
      <line num="114" count="68" type="stmt"/>
      <line num="115" count="68" type="stmt"/>
      <line num="116" count="68" type="stmt"/>
      <line num="117" count="68" type="cond" truecount="1" falsecount="0"/>
      <line num="118" count="31" type="cond" truecount="4" falsecount="0"/>
      <line num="119" count="20" type="cond" truecount="1" falsecount="0"/>
      <line num="120" count="20" type="stmt"/>
      <line num="121" count="20" type="stmt"/>
      <line num="122" count="31" type="stmt"/>
      <line num="123" count="68" type="stmt"/>
      <line num="124" count="68" type="stmt"/>
      <line num="125" count="68" type="stmt"/>
      <line num="126" count="68" type="stmt"/>
      <line num="127" count="68" type="stmt"/>
      <line num="128" count="68" type="stmt"/>
      <line num="129" count="68" type="stmt"/>
      <line num="130" count="68" type="stmt"/>
      <line num="131" count="68" type="cond" truecount="1" falsecount="0"/>
      <line num="132" count="198" type="stmt"/>
      <line num="133" count="198" type="stmt"/>
      <line num="134" count="198" type="stmt"/>
      <line num="135" count="198" type="stmt"/>
      <line num="136" count="198" type="stmt"/>
      <line num="137" count="198" type="stmt"/>
      <line num="138" count="198" type="cond" truecount="2" falsecount="0"/>
      <line num="139" count="198" type="stmt"/>
      <line num="140" count="198" type="stmt"/>
      <line num="141" count="198" type="cond" truecount="2" falsecount="0"/>
      <line num="142" count="198" type="stmt"/>
      <line num="143" count="198" type="stmt"/>
      <line num="144" count="198" type="cond" truecount="1" falsecount="0"/>
      <line num="145" count="198" type="stmt"/>
      <line num="146" count="198" type="stmt"/>
      <line num="147" count="198" type="cond" truecount="1" falsecount="0"/>
      <line num="148" count="32" type="stmt"/>
      <line num="149" count="32" type="cond" truecount="2" falsecount="0"/>
      <line num="150" count="25" type="stmt"/>
      <line num="151" count="25" type="stmt"/>
      <line num="152" count="25" type="stmt"/>
      <line num="153" count="25" type="stmt"/>
      <line num="154" count="25" type="stmt"/>
      <line num="155" count="25" type="stmt"/>
      <line num="156" count="25" type="stmt"/>
      <line num="157" count="198" type="stmt"/>
      <line num="158" count="198" type="stmt"/>
      <line num="159" count="198" type="stmt"/>
      <line num="160" count="68" type="stmt"/>
    </file>
  </project>
</coverage>
