{"/Users/ddamato/Documents/use-rove/src/index.js": {"path":"/Users/ddamato/Documents/use-rove/src/index.js","all":false,"statementMap":{"0":{"start":{"line":1,"column":0},"end":{"line":1,"column":61}},"1":{"start":{"line":2,"column":0},"end":{"line":2,"column":0}},"2":{"start":{"line":3,"column":0},"end":{"line":3,"column":38}},"3":{"start":{"line":4,"column":0},"end":{"line":4,"column":16}},"4":{"start":{"line":5,"column":0},"end":{"line":5,"column":42}},"5":{"start":{"line":6,"column":0},"end":{"line":6,"column":37}},"6":{"start":{"line":7,"column":0},"end":{"line":7,"column":2}},"7":{"start":{"line":8,"column":0},"end":{"line":8,"column":0}},"8":{"start":{"line":9,"column":0},"end":{"line":9,"column":37}},"9":{"start":{"line":10,"column":0},"end":{"line":10,"column":30}},"10":{"start":{"line":11,"column":0},"end":{"line":11,"column":0}},"11":{"start":{"line":12,"column":0},"end":{"line":12,"column":3}},"12":{"start":{"line":13,"column":0},"end":{"line":13,"column":20}},"13":{"start":{"line":14,"column":0},"end":{"line":14,"column":3}},"14":{"start":{"line":15,"column":0},"end":{"line":15,"column":80}},"15":{"start":{"line":16,"column":0},"end":{"line":16,"column":51}},"16":{"start":{"line":17,"column":0},"end":{"line":17,"column":81}},"17":{"start":{"line":18,"column":0},"end":{"line":18,"column":3}},"18":{"start":{"line":19,"column":0},"end":{"line":19,"column":45}},"19":{"start":{"line":20,"column":0},"end":{"line":20,"column":67}},"20":{"start":{"line":21,"column":0},"end":{"line":21,"column":0}},"21":{"start":{"line":22,"column":0},"end":{"line":22,"column":5}},"22":{"start":{"line":23,"column":0},"end":{"line":23,"column":68}},"23":{"start":{"line":24,"column":0},"end":{"line":24,"column":91}},"24":{"start":{"line":25,"column":0},"end":{"line":25,"column":59}},"25":{"start":{"line":26,"column":0},"end":{"line":26,"column":5}},"26":{"start":{"line":27,"column":0},"end":{"line":27,"column":25}},"27":{"start":{"line":28,"column":0},"end":{"line":28,"column":26}},"28":{"start":{"line":29,"column":0},"end":{"line":29,"column":28}},"29":{"start":{"line":30,"column":0},"end":{"line":30,"column":37}},"30":{"start":{"line":31,"column":0},"end":{"line":31,"column":28}},"31":{"start":{"line":32,"column":0},"end":{"line":32,"column":14}},"32":{"start":{"line":33,"column":0},"end":{"line":33,"column":19}},"33":{"start":{"line":34,"column":0},"end":{"line":34,"column":34}},"34":{"start":{"line":35,"column":0},"end":{"line":35,"column":50}},"35":{"start":{"line":36,"column":0},"end":{"line":36,"column":8}},"36":{"start":{"line":37,"column":0},"end":{"line":37,"column":6}},"37":{"start":{"line":38,"column":0},"end":{"line":38,"column":9}},"38":{"start":{"line":39,"column":0},"end":{"line":39,"column":4}},"39":{"start":{"line":40,"column":0},"end":{"line":40,"column":0}},"40":{"start":{"line":41,"column":0},"end":{"line":41,"column":5}},"41":{"start":{"line":42,"column":0},"end":{"line":42,"column":45}},"42":{"start":{"line":43,"column":0},"end":{"line":43,"column":73}},"43":{"start":{"line":44,"column":0},"end":{"line":44,"column":5}},"44":{"start":{"line":45,"column":0},"end":{"line":45,"column":45}},"45":{"start":{"line":46,"column":0},"end":{"line":46,"column":72}},"46":{"start":{"line":47,"column":0},"end":{"line":47,"column":5}},"47":{"start":{"line":48,"column":0},"end":{"line":48,"column":27}},"48":{"start":{"line":49,"column":0},"end":{"line":49,"column":45}},"49":{"start":{"line":50,"column":0},"end":{"line":50,"column":3}},"50":{"start":{"line":51,"column":0},"end":{"line":51,"column":0}},"51":{"start":{"line":52,"column":0},"end":{"line":52,"column":5}},"52":{"start":{"line":53,"column":0},"end":{"line":53,"column":73}},"53":{"start":{"line":54,"column":0},"end":{"line":54,"column":29}},"54":{"start":{"line":55,"column":0},"end":{"line":55,"column":5}},"55":{"start":{"line":56,"column":0},"end":{"line":56,"column":74}},"56":{"start":{"line":57,"column":0},"end":{"line":57,"column":85}},"57":{"start":{"line":58,"column":0},"end":{"line":58,"column":5}},"58":{"start":{"line":59,"column":0},"end":{"line":59,"column":35}},"59":{"start":{"line":60,"column":0},"end":{"line":60,"column":63}},"60":{"start":{"line":61,"column":0},"end":{"line":61,"column":3}},"61":{"start":{"line":62,"column":0},"end":{"line":62,"column":0}},"62":{"start":{"line":63,"column":0},"end":{"line":63,"column":5}},"63":{"start":{"line":64,"column":0},"end":{"line":64,"column":72}},"64":{"start":{"line":65,"column":0},"end":{"line":65,"column":5}},"65":{"start":{"line":66,"column":0},"end":{"line":66,"column":74}},"66":{"start":{"line":67,"column":0},"end":{"line":67,"column":54}},"67":{"start":{"line":68,"column":0},"end":{"line":68,"column":5}},"68":{"start":{"line":69,"column":0},"end":{"line":69,"column":30}},"69":{"start":{"line":70,"column":0},"end":{"line":70,"column":78}},"70":{"start":{"line":71,"column":0},"end":{"line":71,"column":67}},"71":{"start":{"line":72,"column":0},"end":{"line":72,"column":66}},"72":{"start":{"line":73,"column":0},"end":{"line":73,"column":49}},"73":{"start":{"line":74,"column":0},"end":{"line":74,"column":3}},"74":{"start":{"line":75,"column":0},"end":{"line":75,"column":0}},"75":{"start":{"line":76,"column":0},"end":{"line":76,"column":33}},"76":{"start":{"line":77,"column":0},"end":{"line":77,"column":34}},"77":{"start":{"line":78,"column":0},"end":{"line":78,"column":0}},"78":{"start":{"line":79,"column":0},"end":{"line":79,"column":39}},"79":{"start":{"line":80,"column":0},"end":{"line":80,"column":66}},"80":{"start":{"line":81,"column":0},"end":{"line":81,"column":0}},"81":{"start":{"line":82,"column":0},"end":{"line":82,"column":50}},"82":{"start":{"line":83,"column":0},"end":{"line":83,"column":27}},"83":{"start":{"line":84,"column":0},"end":{"line":84,"column":0}},"84":{"start":{"line":85,"column":0},"end":{"line":85,"column":5}},"85":{"start":{"line":86,"column":0},"end":{"line":86,"column":52}},"86":{"start":{"line":87,"column":0},"end":{"line":87,"column":44}},"87":{"start":{"line":88,"column":0},"end":{"line":88,"column":5}},"88":{"start":{"line":89,"column":0},"end":{"line":89,"column":12}},"89":{"start":{"line":90,"column":0},"end":{"line":90,"column":22}},"90":{"start":{"line":91,"column":0},"end":{"line":91,"column":40}},"91":{"start":{"line":92,"column":0},"end":{"line":92,"column":46}},"92":{"start":{"line":93,"column":0},"end":{"line":93,"column":6}},"93":{"start":{"line":94,"column":0},"end":{"line":94,"column":5}},"94":{"start":{"line":95,"column":0},"end":{"line":95,"column":9}},"95":{"start":{"line":96,"column":0},"end":{"line":96,"column":67}},"96":{"start":{"line":97,"column":0},"end":{"line":97,"column":76}},"97":{"start":{"line":98,"column":0},"end":{"line":98,"column":33}},"98":{"start":{"line":99,"column":0},"end":{"line":99,"column":82}},"99":{"start":{"line":100,"column":0},"end":{"line":100,"column":64}},"100":{"start":{"line":101,"column":0},"end":{"line":101,"column":9}},"101":{"start":{"line":102,"column":0},"end":{"line":102,"column":78}},"102":{"start":{"line":103,"column":0},"end":{"line":103,"column":27}},"103":{"start":{"line":104,"column":0},"end":{"line":104,"column":12}},"104":{"start":{"line":105,"column":0},"end":{"line":105,"column":5}},"105":{"start":{"line":106,"column":0},"end":{"line":106,"column":4}},"106":{"start":{"line":107,"column":0},"end":{"line":107,"column":0}},"107":{"start":{"line":108,"column":0},"end":{"line":108,"column":5}},"108":{"start":{"line":109,"column":0},"end":{"line":109,"column":68}},"109":{"start":{"line":110,"column":0},"end":{"line":110,"column":81}},"110":{"start":{"line":111,"column":0},"end":{"line":111,"column":75}},"111":{"start":{"line":112,"column":0},"end":{"line":112,"column":33}},"112":{"start":{"line":113,"column":0},"end":{"line":113,"column":5}},"113":{"start":{"line":114,"column":0},"end":{"line":114,"column":104}},"114":{"start":{"line":115,"column":0},"end":{"line":115,"column":5}},"115":{"start":{"line":116,"column":0},"end":{"line":116,"column":12}},"116":{"start":{"line":117,"column":0},"end":{"line":117,"column":28}},"117":{"start":{"line":118,"column":0},"end":{"line":118,"column":40}},"118":{"start":{"line":119,"column":0},"end":{"line":119,"column":50}},"119":{"start":{"line":120,"column":0},"end":{"line":120,"column":28}},"120":{"start":{"line":121,"column":0},"end":{"line":121,"column":7}},"121":{"start":{"line":122,"column":0},"end":{"line":122,"column":6}},"122":{"start":{"line":123,"column":0},"end":{"line":123,"column":15}},"123":{"start":{"line":124,"column":0},"end":{"line":124,"column":4}},"124":{"start":{"line":125,"column":0},"end":{"line":125,"column":0}},"125":{"start":{"line":126,"column":0},"end":{"line":126,"column":5}},"126":{"start":{"line":127,"column":0},"end":{"line":127,"column":85}},"127":{"start":{"line":128,"column":0},"end":{"line":128,"column":64}},"128":{"start":{"line":129,"column":0},"end":{"line":129,"column":76}},"129":{"start":{"line":130,"column":0},"end":{"line":130,"column":5}},"130":{"start":{"line":131,"column":0},"end":{"line":131,"column":39}},"131":{"start":{"line":132,"column":0},"end":{"line":132,"column":12}},"132":{"start":{"line":133,"column":0},"end":{"line":133,"column":0}},"133":{"start":{"line":134,"column":0},"end":{"line":134,"column":24}},"134":{"start":{"line":135,"column":0},"end":{"line":135,"column":10}},"135":{"start":{"line":136,"column":0},"end":{"line":136,"column":0}},"136":{"start":{"line":137,"column":0},"end":{"line":137,"column":65}},"137":{"start":{"line":138,"column":0},"end":{"line":138,"column":42}},"138":{"start":{"line":139,"column":0},"end":{"line":139,"column":0}},"139":{"start":{"line":140,"column":0},"end":{"line":140,"column":59}},"140":{"start":{"line":141,"column":0},"end":{"line":141,"column":43}},"141":{"start":{"line":142,"column":0},"end":{"line":142,"column":0}},"142":{"start":{"line":143,"column":0},"end":{"line":143,"column":52}},"143":{"start":{"line":144,"column":0},"end":{"line":144,"column":52}},"144":{"start":{"line":145,"column":0},"end":{"line":145,"column":0}},"145":{"start":{"line":146,"column":0},"end":{"line":146,"column":47}},"146":{"start":{"line":147,"column":0},"end":{"line":147,"column":26}},"147":{"start":{"line":148,"column":0},"end":{"line":148,"column":49}},"148":{"start":{"line":149,"column":0},"end":{"line":149,"column":72}},"149":{"start":{"line":150,"column":0},"end":{"line":150,"column":0}},"150":{"start":{"line":151,"column":0},"end":{"line":151,"column":36}},"151":{"start":{"line":152,"column":0},"end":{"line":152,"column":28}},"152":{"start":{"line":153,"column":0},"end":{"line":153,"column":0}},"153":{"start":{"line":154,"column":0},"end":{"line":154,"column":67}},"154":{"start":{"line":155,"column":0},"end":{"line":155,"column":56}},"155":{"start":{"line":156,"column":0},"end":{"line":156,"column":8}},"156":{"start":{"line":157,"column":0},"end":{"line":157,"column":0}},"157":{"start":{"line":158,"column":0},"end":{"line":158,"column":6}},"158":{"start":{"line":159,"column":0},"end":{"line":159,"column":4}},"159":{"start":{"line":160,"column":0},"end":{"line":160,"column":1}}},"s":{"0":1,"1":1,"2":1,"3":1,"4":1,"5":1,"6":1,"7":1,"8":1,"9":1,"10":1,"11":1,"12":1,"13":1,"14":1,"15":1,"16":1,"17":1,"18":1,"19":68,"20":68,"21":68,"22":68,"23":68,"24":68,"25":68,"26":68,"27":68,"28":11,"29":11,"30":11,"31":11,"32":11,"33":11,"34":11,"35":11,"36":11,"37":68,"38":68,"39":68,"40":68,"41":68,"42":68,"43":68,"44":68,"45":68,"46":68,"47":68,"48":79,"49":79,"50":68,"51":68,"52":68,"53":68,"54":68,"55":68,"56":68,"57":68,"58":68,"59":23,"60":23,"61":68,"62":68,"63":68,"64":68,"65":68,"66":68,"67":68,"68":68,"69":25,"70":23,"71":25,"72":25,"73":25,"74":68,"75":68,"76":68,"77":68,"78":68,"79":68,"80":68,"81":68,"82":68,"83":68,"84":68,"85":68,"86":68,"87":68,"88":68,"89":68,"90":11,"91":11,"92":11,"93":68,"94":68,"95":68,"96":68,"97":68,"98":68,"99":68,"100":68,"101":68,"102":68,"103":68,"104":68,"105":68,"106":68,"107":68,"108":68,"109":68,"110":68,"111":68,"112":68,"113":68,"114":68,"115":68,"116":68,"117":31,"118":20,"119":20,"120":20,"121":31,"122":68,"123":68,"124":68,"125":68,"126":68,"127":68,"128":68,"129":68,"130":68,"131":198,"132":198,"133":198,"134":198,"135":198,"136":198,"137":198,"138":198,"139":198,"140":198,"141":198,"142":198,"143":198,"144":198,"145":198,"146":198,"147":32,"148":32,"149":25,"150":25,"151":25,"152":25,"153":25,"154":25,"155":25,"156":198,"157":198,"158":198,"159":68},"branchMap":{"0":{"type":"branch","line":19,"loc":{"start":{"line":19,"column":7},"end":{"line":160,"column":1}},"locations":[{"start":{"line":19,"column":7},"end":{"line":160,"column":1}}]},"1":{"type":"branch","line":19,"loc":{"start":{"line":19,"column":44},"end":{"line":19,"column":45}},"locations":[{"start":{"line":19,"column":44},"end":{"line":19,"column":45}}]},"2":{"type":"branch","line":19,"loc":{"start":{"line":19,"column":44},"end":{"line":19,"column":45}},"locations":[{"start":{"line":19,"column":44},"end":{"line":19,"column":45}}]},"3":{"type":"branch","line":19,"loc":{"start":{"line":19,"column":44},"end":{"line":19,"column":35}},"locations":[{"start":{"line":19,"column":44},"end":{"line":19,"column":35}}]},"4":{"type":"branch","line":19,"loc":{"start":{"line":19,"column":44},"end":{"line":19,"column":45}},"locations":[{"start":{"line":19,"column":44},"end":{"line":19,"column":45}}]},"5":{"type":"branch","line":19,"loc":{"start":{"line":19,"column":44},"end":{"line":19,"column":45}},"locations":[{"start":{"line":19,"column":44},"end":{"line":19,"column":45}}]},"6":{"type":"branch","line":20,"loc":{"start":{"line":20,"column":60},"end":{"line":20,"column":67}},"locations":[{"start":{"line":20,"column":60},"end":{"line":20,"column":67}}]},"7":{"type":"branch","line":20,"loc":{"start":{"line":20,"column":2},"end":{"line":20,"column":53}},"locations":[{"start":{"line":20,"column":2},"end":{"line":20,"column":53}}]},"8":{"type":"branch","line":20,"loc":{"start":{"line":20,"column":2},"end":{"line":20,"column":10}},"locations":[{"start":{"line":20,"column":2},"end":{"line":20,"column":10}}]},"9":{"type":"branch","line":28,"loc":{"start":{"line":28,"column":4},"end":{"line":37,"column":6}},"locations":[{"start":{"line":28,"column":4},"end":{"line":37,"column":6}}]},"10":{"type":"branch","line":48,"loc":{"start":{"line":48,"column":2},"end":{"line":50,"column":3}},"locations":[{"start":{"line":48,"column":2},"end":{"line":50,"column":3}}]},"11":{"type":"branch","line":49,"loc":{"start":{"line":49,"column":11},"end":{"line":49,"column":33}},"locations":[{"start":{"line":49,"column":11},"end":{"line":49,"column":33}}]},"12":{"type":"branch","line":49,"loc":{"start":{"line":49,"column":11},"end":{"line":49,"column":45}},"locations":[{"start":{"line":49,"column":11},"end":{"line":49,"column":45}}]},"13":{"type":"branch","line":59,"loc":{"start":{"line":59,"column":2},"end":{"line":61,"column":3}},"locations":[{"start":{"line":59,"column":2},"end":{"line":61,"column":3}}]},"14":{"type":"branch","line":69,"loc":{"start":{"line":69,"column":2},"end":{"line":74,"column":3}},"locations":[{"start":{"line":69,"column":2},"end":{"line":74,"column":3}}]},"15":{"type":"branch","line":70,"loc":{"start":{"line":70,"column":34},"end":{"line":70,"column":41}},"locations":[{"start":{"line":70,"column":34},"end":{"line":70,"column":41}}]},"16":{"type":"branch","line":70,"loc":{"start":{"line":70,"column":34},"end":{"line":72,"column":8}},"locations":[{"start":{"line":70,"column":34},"end":{"line":72,"column":8}}]},"17":{"type":"branch","line":72,"loc":{"start":{"line":72,"column":14},"end":{"line":72,"column":21}},"locations":[{"start":{"line":72,"column":14},"end":{"line":72,"column":21}}]},"18":{"type":"branch","line":72,"loc":{"start":{"line":72,"column":21},"end":{"line":72,"column":42}},"locations":[{"start":{"line":72,"column":21},"end":{"line":72,"column":42}}]},"19":{"type":"branch","line":72,"loc":{"start":{"line":72,"column":21},"end":{"line":72,"column":59}},"locations":[{"start":{"line":72,"column":21},"end":{"line":72,"column":59}}]},"20":{"type":"branch","line":72,"loc":{"start":{"line":72,"column":14},"end":{"line":73,"column":15}},"locations":[{"start":{"line":72,"column":14},"end":{"line":73,"column":15}}]},"21":{"type":"branch","line":73,"loc":{"start":{"line":73,"column":11},"end":{"line":73,"column":30}},"locations":[{"start":{"line":73,"column":11},"end":{"line":73,"column":30}}]},"22":{"type":"branch","line":73,"loc":{"start":{"line":73,"column":11},"end":{"line":73,"column":49}},"locations":[{"start":{"line":73,"column":11},"end":{"line":73,"column":49}}]},"23":{"type":"branch","line":90,"loc":{"start":{"line":90,"column":4},"end":{"line":93,"column":6}},"locations":[{"start":{"line":90,"column":4},"end":{"line":93,"column":6}}]},"24":{"type":"branch","line":117,"loc":{"start":{"line":117,"column":4},"end":{"line":122,"column":6}},"locations":[{"start":{"line":117,"column":4},"end":{"line":122,"column":6}}]},"25":{"type":"branch","line":118,"loc":{"start":{"line":118,"column":10},"end":{"line":118,"column":15}},"locations":[{"start":{"line":118,"column":10},"end":{"line":118,"column":15}}]},"26":{"type":"branch","line":118,"loc":{"start":{"line":118,"column":10},"end":{"line":118,"column":15}},"locations":[{"start":{"line":118,"column":10},"end":{"line":118,"column":15}}]},"27":{"type":"branch","line":118,"loc":{"start":{"line":118,"column":10},"end":{"line":118,"column":39}},"locations":[{"start":{"line":118,"column":10},"end":{"line":118,"column":39}}]},"28":{"type":"branch","line":118,"loc":{"start":{"line":118,"column":39},"end":{"line":121,"column":7}},"locations":[{"start":{"line":118,"column":39},"end":{"line":121,"column":7}}]},"29":{"type":"branch","line":119,"loc":{"start":{"line":119,"column":17},"end":{"line":119,"column":18}},"locations":[{"start":{"line":119,"column":17},"end":{"line":119,"column":18}}]},"30":{"type":"branch","line":131,"loc":{"start":{"line":131,"column":9},"end":{"line":159,"column":4}},"locations":[{"start":{"line":131,"column":9},"end":{"line":159,"column":4}}]},"31":{"type":"branch","line":138,"loc":{"start":{"line":138,"column":11},"end":{"line":138,"column":37}},"locations":[{"start":{"line":138,"column":11},"end":{"line":138,"column":37}}]},"32":{"type":"branch","line":138,"loc":{"start":{"line":138,"column":11},"end":{"line":138,"column":42}},"locations":[{"start":{"line":138,"column":11},"end":{"line":138,"column":42}}]},"33":{"type":"branch","line":141,"loc":{"start":{"line":141,"column":16},"end":{"line":141,"column":40}},"locations":[{"start":{"line":141,"column":16},"end":{"line":141,"column":40}}]},"34":{"type":"branch","line":141,"loc":{"start":{"line":141,"column":16},"end":{"line":141,"column":43}},"locations":[{"start":{"line":141,"column":16},"end":{"line":141,"column":43}}]},"35":{"type":"branch","line":144,"loc":{"start":{"line":144,"column":15},"end":{"line":144,"column":21}},"locations":[{"start":{"line":144,"column":15},"end":{"line":144,"column":21}}]},"36":{"type":"branch","line":147,"loc":{"start":{"line":147,"column":17},"end":{"line":156,"column":8}},"locations":[{"start":{"line":147,"column":17},"end":{"line":156,"column":8}}]},"37":{"type":"branch","line":149,"loc":{"start":{"line":149,"column":65},"end":{"line":149,"column":72}},"locations":[{"start":{"line":149,"column":65},"end":{"line":149,"column":72}}]},"38":{"type":"branch","line":149,"loc":{"start":{"line":149,"column":8},"end":{"line":156,"column":8}},"locations":[{"start":{"line":149,"column":8},"end":{"line":156,"column":8}}]}},"b":{"0":[68],"1":[66],"2":[66],"3":[2],"4":[66],"5":[2],"6":[2],"7":[64],"8":[4],"9":[11],"10":[79],"11":[12],"12":[67],"13":[23],"14":[25],"15":[2],"16":[23],"17":[4],"18":[3],"19":[1],"20":[19],"21":[13],"22":[6],"23":[11],"24":[31],"25":[20],"26":[20],"27":[20],"28":[20],"29":[20],"30":[198],"31":[66],"32":[132],"33":[66],"34":[132],"35":[1],"36":[32],"37":[7],"38":[25]},"fnMap":{"0":{"name":"useRove","decl":{"start":{"line":19,"column":7},"end":{"line":160,"column":1}},"loc":{"start":{"line":19,"column":7},"end":{"line":160,"column":1}},"line":19},"1":{"name":"setArrows","decl":{"start":{"line":28,"column":4},"end":{"line":37,"column":6}},"loc":{"start":{"line":28,"column":4},"end":{"line":37,"column":6}},"line":28},"2":{"name":"ensureKey","decl":{"start":{"line":48,"column":2},"end":{"line":50,"column":3}},"loc":{"start":{"line":48,"column":2},"end":{"line":50,"column":3}},"line":48},"3":{"name":"getDirection","decl":{"start":{"line":59,"column":2},"end":{"line":61,"column":3}},"loc":{"start":{"line":59,"column":2},"end":{"line":61,"column":3}},"line":59},"4":{"name":"nextKey","decl":{"start":{"line":69,"column":2},"end":{"line":74,"column":3}},"loc":{"start":{"line":69,"column":2},"end":{"line":74,"column":3}},"line":69},"5":{"name":"reset","decl":{"start":{"line":90,"column":4},"end":{"line":93,"column":6}},"loc":{"start":{"line":90,"column":4},"end":{"line":93,"column":6}},"line":90},"6":{"name":"manageFocus","decl":{"start":{"line":117,"column":4},"end":{"line":122,"column":6}},"loc":{"start":{"line":117,"column":4},"end":{"line":122,"column":6}},"line":117},"7":{"name":"getTargetProps","decl":{"start":{"line":131,"column":9},"end":{"line":159,"column":4}},"loc":{"start":{"line":131,"column":9},"end":{"line":159,"column":4}},"line":131},"8":{"name":"onClick","decl":{"start":{"line":144,"column":15},"end":{"line":144,"column":21}},"loc":{"start":{"line":144,"column":15},"end":{"line":144,"column":21}},"line":144},"9":{"name":"onKeyDown","decl":{"start":{"line":147,"column":17},"end":{"line":156,"column":8}},"loc":{"start":{"line":147,"column":17},"end":{"line":156,"column":8}},"line":147}},"f":{"0":68,"1":11,"2":79,"3":23,"4":25,"5":11,"6":31,"7":198,"8":1,"9":32}}
}
