TN:
SF:src/index.js
FN:19,useRove
FN:28,setArrows
FN:48,ensureKey
FN:59,getDirection
FN:69,nextKey
FN:90,reset
FN:117,manageFocus
FN:131,getTargetProps
FN:144,onClick
FN:147,onKeyDown
FNF:10
FNH:10
FNDA:68,useRove
FNDA:11,setArrows
FNDA:79,ensureKey
FNDA:23,getDirection
FNDA:25,nextKey
FNDA:11,reset
FNDA:31,manageFocus
FNDA:198,getTargetProps
FNDA:1,onClick
FNDA:32,onKeyDown
DA:1,1
DA:2,1
DA:3,1
DA:4,1
DA:5,1
DA:6,1
DA:7,1
DA:8,1
DA:9,1
DA:10,1
DA:11,1
DA:12,1
DA:13,1
DA:14,1
DA:15,1
DA:16,1
DA:17,1
DA:18,1
DA:19,1
DA:20,68
DA:21,68
DA:22,68
DA:23,68
DA:24,68
DA:25,68
DA:26,68
DA:27,68
DA:28,68
DA:29,11
DA:30,11
DA:31,11
DA:32,11
DA:33,11
DA:34,11
DA:35,11
DA:36,11
DA:37,11
DA:38,68
DA:39,68
DA:40,68
DA:41,68
DA:42,68
DA:43,68
DA:44,68
DA:45,68
DA:46,68
DA:47,68
DA:48,68
DA:49,79
DA:50,79
DA:51,68
DA:52,68
DA:53,68
DA:54,68
DA:55,68
DA:56,68
DA:57,68
DA:58,68
DA:59,68
DA:60,23
DA:61,23
DA:62,68
DA:63,68
DA:64,68
DA:65,68
DA:66,68
DA:67,68
DA:68,68
DA:69,68
DA:70,25
DA:71,23
DA:72,25
DA:73,25
DA:74,25
DA:75,68
DA:76,68
DA:77,68
DA:78,68
DA:79,68
DA:80,68
DA:81,68
DA:82,68
DA:83,68
DA:84,68
DA:85,68
DA:86,68
DA:87,68
DA:88,68
DA:89,68
DA:90,68
DA:91,11
DA:92,11
DA:93,11
DA:94,68
DA:95,68
DA:96,68
DA:97,68
DA:98,68
DA:99,68
DA:100,68
DA:101,68
DA:102,68
DA:103,68
DA:104,68
DA:105,68
DA:106,68
DA:107,68
DA:108,68
DA:109,68
DA:110,68
DA:111,68
DA:112,68
DA:113,68
DA:114,68
DA:115,68
DA:116,68
DA:117,68
DA:118,31
DA:119,20
DA:120,20
DA:121,20
DA:122,31
DA:123,68
DA:124,68
DA:125,68
DA:126,68
DA:127,68
DA:128,68
DA:129,68
DA:130,68
DA:131,68
DA:132,198
DA:133,198
DA:134,198
DA:135,198
DA:136,198
DA:137,198
DA:138,198
DA:139,198
DA:140,198
DA:141,198
DA:142,198
DA:143,198
DA:144,198
DA:145,198
DA:146,198
DA:147,198
DA:148,32
DA:149,32
DA:150,25
DA:151,25
DA:152,25
DA:153,25
DA:154,25
DA:155,25
DA:156,25
DA:157,198
DA:158,198
DA:159,198
DA:160,68
LF:160
LH:160
BRDA:19,0,0,68
BRDA:19,1,0,66
BRDA:19,2,0,66
BRDA:19,3,0,2
BRDA:19,4,0,66
BRDA:19,5,0,2
BRDA:20,6,0,2
BRDA:20,7,0,64
BRDA:20,8,0,4
BRDA:28,9,0,11
BRDA:48,10,0,79
BRDA:49,11,0,12
BRDA:49,12,0,67
BRDA:59,13,0,23
BRDA:69,14,0,25
BRDA:70,15,0,2
BRDA:70,16,0,23
BRDA:72,17,0,4
BRDA:72,18,0,3
BRDA:72,19,0,1
BRDA:72,20,0,19
BRDA:73,21,0,13
BRDA:73,22,0,6
BRDA:90,23,0,11
BRDA:117,24,0,31
BRDA:118,25,0,20
BRDA:118,26,0,20
BRDA:118,27,0,20
BRDA:118,28,0,20
BRDA:119,29,0,20
BRDA:131,30,0,198
BRDA:138,31,0,66
BRDA:138,32,0,132
BRDA:141,33,0,66
BRDA:141,34,0,132
BRDA:144,35,0,1
BRDA:147,36,0,32
BRDA:149,37,0,7
BRDA:149,38,0,25
BRF:39
BRH:39
end_of_record
